Watching for file changes with StatReloader
E:\BrainWise task\company_management_system\company_management_system\settings.py changed, reloading.
Watching for file changes with StatReloader
E:\BrainWise task\company_management_system\company_management_system\settings.py changed, reloading.
Watching for file changes with StatReloader
E:\BrainWise task\company_management_system\company_management_system\settings.py changed, reloading.
Watching for file changes with StatReloader
E:\BrainWise task\company_management_system\company_management_system\settings.py changed, reloading.
Watching for file changes with StatReloader
E:\BrainWise task\company_management_system\company_management_system\settings.py changed, reloading.
Watching for file changes with StatReloader
E:\BrainWise task\company_management_system\company_management_system\settings.py changed, reloading.
Watching for file changes with StatReloader
C:\Users\MR Henawy\anaconda3\Lib\site-packages\viewflow\__init__.py changed, reloading.
Watching for file changes with StatReloader
C:\Users\MR Henawy\anaconda3\Lib\site-packages\viewflow\apps.py changed, reloading.
Watching for file changes with StatReloader
E:\BrainWise task\company_management_system\company_management_system\settings.py changed, reloading.
Watching for file changes with StatReloader
E:\BrainWise task\company_management_system\company_management_system\settings.py changed, reloading.
Watching for file changes with StatReloader
E:\BrainWise task\company_management_system\company_management_system\settings.py changed, reloading.
Watching for file changes with StatReloader
E:\BrainWise task\company_management_system\company_management_system\settings.py changed, reloading.
Watching for file changes with StatReloader
E:\BrainWise task\company_management_system\company_management_system\settings.py changed, reloading.
Watching for file changes with StatReloader
C:\Users\MR Henawy\anaconda3\Lib\site-packages\asgiref\__init__.py changed, reloading.
Watching for file changes with StatReloader
C:\Users\MR Henawy\anaconda3\Lib\site-packages\django\conf\__init__.py changed, reloading.
Watching for file changes with StatReloader
Not Found: /
"GET / HTTP/1.1" 404 2323
Not Found: /favicon.ico
"GET /favicon.ico HTTP/1.1" 404 2374
E:\BrainWise task\company_management_system\company_management_system\urls.py changed, reloading.
Watching for file changes with StatReloader
E:\BrainWise task\company_management_system\company_management_system\urls.py changed, reloading.
Watching for file changes with StatReloader
E:\BrainWise task\company_management_system\company_management_system\urls.py changed, reloading.
Watching for file changes with StatReloader
E:\BrainWise task\company_management_system\company_management_system\urls.py changed, reloading.
Watching for file changes with StatReloader
E:\BrainWise task\company_management_system\company_management_system\urls.py changed, reloading.
Watching for file changes with StatReloader
E:\BrainWise task\company_management_system\company_management_system\urls.py changed, reloading.
Watching for file changes with StatReloader
Watching for file changes with StatReloader
E:\BrainWise task\company_management_system\company_app\views.py changed, reloading.
Watching for file changes with StatReloader
E:\BrainWise task\company_management_system\company_app\models.py changed, reloading.
Watching for file changes with StatReloader
E:\BrainWise task\company_management_system\company_app\models.py changed, reloading.
Watching for file changes with StatReloader
E:\BrainWise task\company_management_system\company_app\models.py changed, reloading.
Watching for file changes with StatReloader
E:\BrainWise task\company_management_system\company_app\models.py changed, reloading.
Watching for file changes with StatReloader
E:\BrainWise task\company_management_system\company_app\models.py changed, reloading.
Watching for file changes with StatReloader
E:\BrainWise task\company_management_system\company_app\models.py changed, reloading.
Watching for file changes with StatReloader
E:\BrainWise task\company_management_system\company_app\models.py changed, reloading.
Watching for file changes with StatReloader
E:\BrainWise task\company_management_system\company_app\models.py changed, reloading.
Watching for file changes with StatReloader
E:\BrainWise task\company_management_system\company_app\models.py changed, reloading.
Watching for file changes with StatReloader
E:\BrainWise task\company_management_system\company_app\models.py changed, reloading.
Watching for file changes with StatReloader
E:\BrainWise task\company_management_system\company_app\models.py changed, reloading.
Watching for file changes with StatReloader
E:\BrainWise task\company_management_system\company_app\models.py changed, reloading.
Watching for file changes with StatReloader
E:\BrainWise task\company_management_system\company_app\models.py changed, reloading.
Watching for file changes with StatReloader
E:\BrainWise task\company_management_system\company_app\models.py changed, reloading.
Watching for file changes with StatReloader
Watching for file changes with StatReloader
E:\BrainWise task\company_management_system\company_app\models.py changed, reloading.
Watching for file changes with StatReloader
E:\BrainWise task\company_management_system\company_app\models.py changed, reloading.
Watching for file changes with StatReloader
E:\BrainWise task\company_management_system\company_app\models.py changed, reloading.
Watching for file changes with StatReloader
E:\BrainWise task\company_management_system\company_app\models.py changed, reloading.
Watching for file changes with StatReloader
E:\BrainWise task\company_management_system\company_app\models.py changed, reloading.
Watching for file changes with StatReloader
E:\BrainWise task\company_management_system\company_app\models.py changed, reloading.
Watching for file changes with StatReloader
E:\BrainWise task\company_management_system\company_app\models.py changed, reloading.
Watching for file changes with StatReloader
E:\BrainWise task\company_management_system\company_app\models.py changed, reloading.
Watching for file changes with StatReloader
Watching for file changes with StatReloader
E:\BrainWise task\company_management_system\company_app\models.py changed, reloading.
Watching for file changes with StatReloader
E:\BrainWise task\company_management_system\company_management_system\settings.py changed, reloading.
Watching for file changes with StatReloader
E:\BrainWise task\company_management_system\company_management_system\settings.py changed, reloading.
Watching for file changes with StatReloader
Watching for file changes with StatReloader
E:\BrainWise task\company_management_system\company_management_system\settings.py changed, reloading.
Watching for file changes with StatReloader
Watching for file changes with StatReloader
E:\BrainWise task\company_management_system\company_app\models.py changed, reloading.
E:\BrainWise task\company_management_system\company_app\models.py changed, reloading.
Watching for file changes with StatReloader
Watching for file changes with StatReloader
E:\BrainWise task\company_management_system\company_app\models.py changed, reloading.
E:\BrainWise task\company_management_system\company_app\models.py changed, reloading.
Watching for file changes with StatReloader
Watching for file changes with StatReloader
E:\BrainWise task\company_management_system\company_app\models.py changed, reloading.
E:\BrainWise task\company_management_system\company_app\models.py changed, reloading.
Watching for file changes with StatReloader
Watching for file changes with StatReloader
E:\BrainWise task\company_management_system\company_app\models.py changed, reloading.
E:\BrainWise task\company_management_system\company_app\models.py changed, reloading.
Watching for file changes with StatReloader
Watching for file changes with StatReloader
